<?xml version="1.0" encoding="UTF-8"?>
<!-- Generated by org.testng.reporters.JUnitReportReporter -->
<testsuite hostname="LAPTOP-SI8H27EB" failures="0" tests="1" name="com.php.testcases.ProfileCreationTest" time="37.211" errors="0" timestamp="28 Jul 2021 08:32:10 GMT">
  <testcase classname="com.php.testcases.ProfileCreationTest" name="profileCreationTest" time="37.211"/>
</testsuite> <!-- com.php.testcases.ProfileCreationTest -->
